TN:auto_test_coverage
SF:/home/leonid/programming/c_language/distance_between_polygons/geom_lib/src/reading_objects_from_file.c
FN:16,Read_polygon_from_file
FNDA:47,Read_polygon_from_file
FN:81,Read_point_from_file
FNDA:154,Read_point_from_file
FN:128,Print_reading_error_to_file
FNDA:0,Print_reading_error_to_file
DA:16,47
DA:18,47
DA:20,47
DA:29,47
DA:30,47
DA:31,2
DA:32,45
DA:33,1
DA:36,44
DA:37,44
DA:38,1
DA:39,43
DA:40,2
DA:41,41
DA:42,1
DA:45,40
DA:46,40
DA:47,40
DA:48,1
DA:51,182
DA:53,154
DA:54,154
DA:56,11
DA:57,11
DA:58,11
DA:63,28
DA:64,28
DA:65,1
DA:66,1
DA:67,1
DA:69,27
DA:70,1
DA:71,1
DA:72,1
DA:76,26
DA:77,26
DA:81,154
DA:83,154
DA:89,154
DA:90,154
DA:91,2
DA:92,152
DA:93,1
DA:96,151
DA:97,151
DA:98,1
DA:99,150
DA:100,1
DA:103,149
DA:104,149
DA:105,1
DA:106,148
DA:107,1
DA:110,147
DA:111,147
DA:112,1
DA:113,146
DA:114,1
DA:117,145
DA:118,145
DA:119,1
DA:120,144
DA:121,1
DA:123,143
DA:128,0
DA:130,0
DA:132,0
DA:134,0
DA:136,0
DA:137,0
DA:138,0
DA:139,0
DA:140,0
DA:141,0
DA:142,0
DA:143,0
DA:144,0
DA:145,0
DA:146,0
DA:147,0
DA:148,0
DA:149,0
DA:150,0
DA:151,0
DA:152,0
DA:153,0
DA:154,0
DA:155,0
DA:156,0
DA:157,0
DA:163,0
DA:165,0
DA:167,0
DA:168,0
DA:169,0
DA:170,0
DA:171,0
DA:172,0
DA:173,0
DA:174,0
DA:175,0
DA:176,0
DA:177,0
DA:178,0
DA:179,0
DA:180,0
DA:181,0
DA:182,0
DA:183,0
DA:184,0
DA:185,0
DA:186,0
DA:187,0
DA:188,0
DA:191,0
end_of_record
TN:auto_test_coverage
SF:/home/leonid/programming/c_language/distance_between_polygons/auto_tests/src/fill_in_testing_output.c
FN:9,main
FNDA:1,main
DA:9,1
DA:11,1
DA:12,1
DA:16,1
DA:17,1
DA:19,0
DA:20,0
DA:23,1
DA:25,0
DA:26,0
DA:27,0
DA:28,0
DA:31,35
DA:34,34
DA:35,34
DA:37,0
DA:38,0
DA:39,0
DA:43,34
DA:45,34
DA:46,11
DA:48,23
DA:50,34
DA:53,1
DA:54,1
end_of_record
TN:auto_test_coverage
SF:/home/leonid/programming/c_language/distance_between_polygons/geom_lib/src/algos.c
FN:19,Calc_dist_bet_points
FNDA:12956,Calc_dist_bet_points
FN:24,Does_point_belong_to_segment
FNDA:3444,Does_point_belong_to_segment
FN:37,Do_segments_intersect
FNDA:460,Do_segments_intersect
FN:71,Is_polygon_valid
FNDA:26,Is_polygon_valid
FN:111,Calc_dist_bet_point_and_segment
FNDA:1076,Calc_dist_bet_point_and_segment
FN:136,Calc_dist_bet_segments
FNDA:274,Calc_dist_bet_segments
FN:150,Calc_dist_bet_polygons
FNDA:11,Calc_dist_bet_polygons
DA:19,12956
DA:20,12956
DA:24,3444
DA:27,3444
DA:28,3444
DA:29,3444
DA:30,3444
DA:31,113
DA:32,3331
DA:37,460
DA:40,918
DA:41,914
DA:42,912
DA:43,456
DA:44,4
DA:53,456
DA:55,456
DA:56,24
DA:59,432
DA:60,432
DA:62,432
DA:63,432
DA:64,3
DA:66,429
DA:71,26
DA:73,26
DA:76,26
DA:77,0
DA:83,26
DA:84,26
DA:85,78
DA:87,53
DA:88,53
DA:89,53
DA:90,1
DA:93,99
DA:95,75
DA:96,75
DA:97,207
DA:99,133
DA:100,133
DA:101,133
DA:102,1
DA:106,24
DA:111,1076
DA:113,1076
DA:114,0
DA:117,1076
DA:118,1076
DA:119,1076
DA:123,302
DA:125,302
DA:127,302
DA:131,774
DA:136,274
DA:138,274
DA:139,5
DA:142,269
DA:143,269
DA:145,269
DA:150,11
DA:152,11
DA:153,11
DA:155,11
DA:157,0
DA:158,0
DA:162,11
DA:163,11
DA:164,11
DA:168,51
DA:170,41
DA:171,41
DA:172,41
DA:173,41
DA:174,1
DA:178,50
DA:180,43
DA:181,43
DA:184,43
DA:185,43
DA:186,43
DA:187,43
DA:188,1
DA:191,219
DA:193,179
DA:194,179
DA:195,179
DA:196,179
DA:197,2
DA:201,7
DA:203,7
end_of_record
TN:auto_test_coverage
SF:/home/leonid/programming/c_language/distance_between_polygons/src/reading_and_calculating.c
FN:13,Read_and_calculate_distance
FNDA:34,Read_and_calculate_distance
FN:48,Read_and_check_polygon
FNDA:47,Read_and_check_polygon
DA:13,34
DA:15,34
DA:16,34
DA:19,34
DA:20,34
DA:22,21
DA:23,2
DA:24,21
DA:27,13
DA:28,13
DA:30,2
DA:31,2
DA:32,0
DA:33,2
DA:37,11
DA:38,11
DA:39,11
DA:40,0
DA:42,11
DA:43,11
DA:44,11
DA:48,47
DA:50,47
DA:53,47
DA:55,26
DA:56,26
DA:57,24
DA:58,2
DA:59,2
DA:61,0
DA:64,21
end_of_record
